Flow report for SDRAM_CONTROL
Tue Oct 11 16:12:18 2011
Quartus II Version 10.0 Build 218 06/27/2010 SJ Full Version


---------------------
; Table of Contents ;
---------------------
  1. Legal Notice
  2. Flow Summary
  3. Flow Settings
  4. Flow Non-Default Global Settings
  5. Flow Elapsed Time
  6. Flow OS Summary
  7. Flow Log



----------------
; Legal Notice ;
----------------
Copyright (C) 1991-2010 Altera Corporation
Your use of Altera Corporation's design tools, logic functions 
and other software and tools, and its AMPP partner logic 
functions, and any output files from any of the foregoing 
(including device programming or simulation files), and any 
associated documentation or information are expressly subject 
to the terms and conditions of the Altera Program License 
Subscription Agreement, Altera MegaCore Function License 
Agreement, or other applicable license agreement, including, 
without limitation, that your use is for the sole purpose of 
programming logic devices manufactured by Altera and sold by 
Altera or its authorized distributors.  Please refer to the 
applicable agreement for further details.



+--------------------------------------------------------------------------------+
; Flow Summary                                                                   ;
+------------------------------------+-------------------------------------------+
; Flow Status                        ; Successful - Tue Oct 11 16:12:09 2011     ;
; Quartus II Version                 ; 10.0 Build 218 06/27/2010 SJ Full Version ;
; Revision Name                      ; SDRAM_CONTROL                             ;
; Top-level Entity Name              ; SDRAM_CONTROL                             ;
; Family                             ; Cyclone IV E                              ;
; Device                             ; EP4CE115F29C7                             ;
; Timing Models                      ; Final                                     ;
; Met timing requirements            ; N/A                                       ;
; Total logic elements               ; 816 / 114,480 ( < 1 % )                   ;
;     Total combinational functions  ; 584 / 114,480 ( < 1 % )                   ;
;     Dedicated logic registers      ; 625 / 114,480 ( < 1 % )                   ;
; Total registers                    ; 625                                       ;
; Total pins                         ; 90 / 529 ( 17 % )                         ;
; Total virtual pins                 ; 0                                         ;
; Total memory bits                  ; 36,864 / 3,981,312 ( < 1 % )              ;
; Embedded Multiplier 9-bit elements ; 0 / 532 ( 0 % )                           ;
; Total PLLs                         ; 2 / 4 ( 50 % )                            ;
+------------------------------------+-------------------------------------------+


+-----------------------------------------+
; Flow Settings                           ;
+-------------------+---------------------+
; Option            ; Setting             ;
+-------------------+---------------------+
; Start date & time ; 10/11/2011 16:11:24 ;
; Main task         ; Compilation         ;
; Revision Name     ; SDRAM_CONTROL       ;
+-------------------+---------------------+


+------------------------------------------------------------------------------------------------------------------------------+
; Flow Non-Default Global Settings                                                                                             ;
+-------------------------------------+---------------------------------------------+---------------+-------------+------------+
; Assignment Name                     ; Value                                       ; Default Value ; Entity Name ; Section Id ;
+-------------------------------------+---------------------------------------------+---------------+-------------+------------+
; AUTO_ENABLE_SMART_COMPILE           ; On                                          ; --            ; --          ; --         ;
; COMPILER_SIGNATURE_ID               ; 132890728932118.131832068406580             ; --            ; --          ; --         ;
; ENABLE_SIGNALTAP                    ; Off                                         ; --            ; --          ; --         ;
; IP_TOOL_NAME                        ; ALTPLL                                      ; --            ; --          ; --         ;
; IP_TOOL_NAME                        ; ALTPLL                                      ; --            ; --          ; --         ;
; IP_TOOL_NAME                        ; FIFO                                        ; --            ; --          ; --         ;
; IP_TOOL_NAME                        ; FIFO                                        ; --            ; --          ; --         ;
; IP_TOOL_VERSION                     ; 10.0                                        ; --            ; --          ; --         ;
; IP_TOOL_VERSION                     ; 10.0                                        ; --            ; --          ; --         ;
; IP_TOOL_VERSION                     ; 10.0                                        ; --            ; --          ; --         ;
; IP_TOOL_VERSION                     ; 10.0                                        ; --            ; --          ; --         ;
; MAX_CORE_JUNCTION_TEMP              ; 85                                          ; --            ; --          ; --         ;
; MIN_CORE_JUNCTION_TEMP              ; 0                                           ; --            ; --          ; --         ;
; MISC_FILE                           ; D:/Home/User/Desktop/Frame/Frame/DE2_TV.dpf ; --            ; --          ; --         ;
; MISC_FILE                           ; D:/Home/User/Desktop/Frame/DE2_TV.dpf       ; --            ; --          ; --         ;
; MISC_FILE                           ; pll_27.ppf                                  ; --            ; --          ; --         ;
; MISC_FILE                           ; Sdram_Control/Sdram_PLL.ppf                 ; --            ; --          ; --         ;
; PARTITION_COLOR                     ; 16764057                                    ; --            ; DE2_115_TV  ; Top        ;
; PARTITION_COLOR                     ; 16764057                                    ; --            ; --          ; Top        ;
; PARTITION_FITTER_PRESERVATION_LEVEL ; PLACEMENT_AND_ROUTING                       ; --            ; DE2_115_TV  ; Top        ;
; PARTITION_FITTER_PRESERVATION_LEVEL ; PLACEMENT_AND_ROUTING                       ; --            ; --          ; Top        ;
; PARTITION_NETLIST_TYPE              ; SOURCE                                      ; --            ; DE2_115_TV  ; Top        ;
; PARTITION_NETLIST_TYPE              ; SOURCE                                      ; --            ; --          ; Top        ;
; POWER_BOARD_THERMAL_MODEL           ; None (CONSERVATIVE)                         ; --            ; --          ; --         ;
; POWER_PRESET_COOLING_SOLUTION       ; 23 MM HEAT SINK WITH 200 LFPM AIRFLOW       ; --            ; --          ; --         ;
; USE_SIGNALTAP_FILE                  ; sdram.stp                                   ; --            ; --          ; --         ;
+-------------------------------------+---------------------------------------------+---------------+-------------+------------+


+-------------------------------------------------------------------------------------------------------------------------------+
; Flow Elapsed Time                                                                                                             ;
+---------------------------+--------------+-------------------------+---------------------+------------------------------------+
; Module Name               ; Elapsed Time ; Average Processors Used ; Peak Virtual Memory ; Total CPU Time (on all processors) ;
+---------------------------+--------------+-------------------------+---------------------+------------------------------------+
; Analysis & Synthesis      ; 00:00:06     ; 1.0                     ; 230 MB              ; 00:00:06                           ;
; Fitter                    ; 00:00:28     ; 1.0                     ; 420 MB              ; 00:00:27                           ;
; Assembler                 ; 00:00:09     ; 1.0                     ; 433 MB              ; 00:00:09                           ;
; TimeQuest Timing Analyzer ; 00:00:07     ; 1.0                     ; 284 MB              ; 00:00:07                           ;
; Total                     ; 00:00:50     ; --                      ; --                  ; 00:00:49                           ;
+---------------------------+--------------+-------------------------+---------------------+------------------------------------+


+-----------------------------------------------------------------------------------------+
; Flow OS Summary                                                                         ;
+---------------------------+------------------+------------+------------+----------------+
; Module Name               ; Machine Hostname ; OS Name    ; OS Version ; Processor type ;
+---------------------------+------------------+------------+------------+----------------+
; Analysis & Synthesis      ; rosaline2        ; Windows XP ; 5.1        ; i686           ;
; Fitter                    ; rosaline2        ; Windows XP ; 5.1        ; i686           ;
; Assembler                 ; rosaline2        ; Windows XP ; 5.1        ; i686           ;
; TimeQuest Timing Analyzer ; rosaline2        ; Windows XP ; 5.1        ; i686           ;
+---------------------------+------------------+------------+------------+----------------+


------------
; Flow Log ;
------------
quartus_map --read_settings_files=on --write_settings_files=off SDRAM_CONTROL -c SDRAM_CONTROL
quartus_fit --read_settings_files=off --write_settings_files=off SDRAM_CONTROL -c SDRAM_CONTROL
quartus_asm --read_settings_files=off --write_settings_files=off SDRAM_CONTROL -c SDRAM_CONTROL
quartus_sta SDRAM_CONTROL -c SDRAM_CONTROL



