Analysis & Synthesis report for music
Fri Dec 04 14:32:18 2020
Quartus II Version 9.0 Build 132 02/25/2009 SJ Full Version


---------------------
; Table of Contents ;
---------------------
  1. Legal Notice
  2. Analysis & Synthesis Summary
  3. Analysis & Synthesis Settings
  4. Analysis & Synthesis Default Parameter Settings
  5. Analysis & Synthesis Source Files Read
  6. Analysis & Synthesis Resource Usage Summary
  7. Analysis & Synthesis Resource Utilization by Entity
  8. Analysis & Synthesis RAM Summary
  9. Registers Removed During Synthesis
 10. General Register Statistics
 11. Inverted Register Statistics
 12. Registers Packed Into Inferred Megafunctions
 13. Multiplexer Restructuring Statistics (Restructuring Performed)
 14. Source assignments for railgun:inst|altsyncram:altsyncram_component|altsyncram_ekf1:auto_generated|altsyncram_e5h2:altsyncram1
 15. Source assignments for railgun:inst|altsyncram:altsyncram_component|altsyncram_ekf1:auto_generated|sld_mod_ram_rom:mgl_prim2|sld_rom_sr:\ram_rom_logic_gen:name_gen:info_rom_sr
 16. Source assignments for sld_hub:sld_hub_inst
 17. Source assignments for sld_hub:sld_hub_inst|sld_rom_sr:hub_info_reg
 18. Source assignments for player:inst4|altsyncram:WideOr2_rtl_0|altsyncram_fo21:auto_generated
 19. Parameter Settings for User Entity Instance: railgun:inst|altsyncram:altsyncram_component
 20. Parameter Settings for User Entity Instance: railgun:inst|altsyncram:altsyncram_component|altsyncram_ekf1:auto_generated|sld_mod_ram_rom:mgl_prim2
 21. Parameter Settings for Inferred Entity Instance: sld_hub:sld_hub_inst
 22. Parameter Settings for Inferred Entity Instance: player:inst4|altsyncram:WideOr2_rtl_0
 23. Parameter Settings for Inferred Entity Instance: player:inst4|lpm_divide:Div0
 24. altsyncram Parameter Settings by Entity Instance
 25. In-System Memory Content Editor Settings
 26. Analysis & Synthesis Messages
 27. Analysis & Synthesis Suppressed Messages



----------------
; Legal Notice ;
----------------
Copyright (C) 1991-2009 Altera Corporation
Your use of Altera Corporation's design tools, logic functions 
and other software and tools, and its AMPP partner logic 
functions, and any output files from any of the foregoing 
(including device programming or simulation files), and any 
associated documentation or information are expressly subject 
to the terms and conditions of the Altera Program License 
Subscription Agreement, Altera MegaCore Function License 
Agreement, or other applicable license agreement, including, 
without limitation, that your use is for the sole purpose of 
programming logic devices manufactured by Altera and sold by 
Altera or its authorized distributors.  Please refer to the 
applicable agreement for further details.



+-------------------------------------------------------------------------------+
; Analysis & Synthesis Summary                                                  ;
+------------------------------------+------------------------------------------+
; Analysis & Synthesis Status        ; Successful - Fri Dec 04 14:32:18 2020    ;
; Quartus II Version                 ; 9.0 Build 132 02/25/2009 SJ Full Version ;
; Revision Name                      ; music                                    ;
; Top-level Entity Name              ; music                                    ;
; Family                             ; Cyclone III                              ;
; Total logic elements               ; 1,004                                    ;
;     Total combinational functions  ; 990                                      ;
;     Dedicated logic registers      ; 164                                      ;
; Total registers                    ; 164                                      ;
; Total pins                         ; 3                                        ;
; Total virtual pins                 ; 0                                        ;
; Total memory bits                  ; 11,264                                   ;
; Embedded Multiplier 9-bit elements ; 0                                        ;
; Total PLLs                         ; 0                                        ;
+------------------------------------+------------------------------------------+


+----------------------------------------------------------------------------------------------------------+
; Analysis & Synthesis Settings                                                                            ;
+----------------------------------------------------------------+--------------------+--------------------+
; Option                                                         ; Setting            ; Default Value      ;
+----------------------------------------------------------------+--------------------+--------------------+
; Device                                                         ; EP3C55F484I7       ;                    ;
; Top-level entity name                                          ; music              ; music              ;
; Family name                                                    ; Cyclone III        ; Stratix II         ;
; Use Generated Physical Constraints File                        ; Off                ;                    ;
; Use smart compilation                                          ; Off                ; Off                ;
; Restructure Multiplexers                                       ; Auto               ; Auto               ;
; Create Debugging Nodes for IP Cores                            ; Off                ; Off                ;
; Preserve fewer node names                                      ; On                 ; On                 ;
; Disable OpenCore Plus hardware evaluation                      ; Off                ; Off                ;
; Verilog Version                                                ; Verilog_2001       ; Verilog_2001       ;
; VHDL Version                                                   ; VHDL93             ; VHDL93             ;
; State Machine Processing                                       ; Auto               ; Auto               ;
; Safe State Machine                                             ; Off                ; Off                ;
; Extract Verilog State Machines                                 ; On                 ; On                 ;
; Extract VHDL State Machines                                    ; On                 ; On                 ;
; Ignore Verilog initial constructs                              ; Off                ; Off                ;
; Iteration limit for constant Verilog loops                     ; 5000               ; 5000               ;
; Iteration limit for non-constant Verilog loops                 ; 250                ; 250                ;
; Add Pass-Through Logic to Inferred RAMs                        ; On                 ; On                 ;
; Parallel Synthesis                                             ; Off                ; Off                ;
; DSP Block Balancing                                            ; Auto               ; Auto               ;
; NOT Gate Push-Back                                             ; On                 ; On                 ;
; Power-Up Don't Care                                            ; On                 ; On                 ;
; Remove Redundant Logic Cells                                   ; Off                ; Off                ;
; Remove Duplicate Registers                                     ; On                 ; On                 ;
; Ignore CARRY Buffers                                           ; Off                ; Off                ;
; Ignore CASCADE Buffers                                         ; Off                ; Off                ;
; Ignore GLOBAL Buffers                                          ; Off                ; Off                ;
; Ignore ROW GLOBAL Buffers                                      ; Off                ; Off                ;
; Ignore LCELL Buffers                                           ; Off                ; Off                ;
; Ignore SOFT Buffers                                            ; On                 ; On                 ;
; Limit AHDL Integers to 32 Bits                                 ; Off                ; Off                ;
; Optimization Technique                                         ; Balanced           ; Balanced           ;
; Carry Chain Length                                             ; 70                 ; 70                 ;
; Auto Carry Chains                                              ; On                 ; On                 ;
; Auto Open-Drain Pins                                           ; On                 ; On                 ;
; Perform WYSIWYG Primitive Resynthesis                          ; Off                ; Off                ;
; Auto ROM Replacement                                           ; On                 ; On                 ;
; Auto RAM Replacement                                           ; On                 ; On                 ;
; Auto DSP Block Replacement                                     ; On                 ; On                 ;
; Auto Shift Register Replacement                                ; Auto               ; Auto               ;
; Auto Clock Enable Replacement                                  ; On                 ; On                 ;
; Strict RAM Replacement                                         ; Off                ; Off                ;
; Allow Synchronous Control Signals                              ; On                 ; On                 ;
; Force Use of Synchronous Clear Signals                         ; Off                ; Off                ;
; Auto RAM Block Balancing                                       ; On                 ; On                 ;
; Auto RAM to Logic Cell Conversion                              ; Off                ; Off                ;
; Auto Resource Sharing                                          ; Off                ; Off                ;
; Allow Any RAM Size For Recognition                             ; Off                ; Off                ;
; Allow Any ROM Size For Recognition                             ; Off                ; Off                ;
; Allow Any Shift Register Size For Recognition                  ; Off                ; Off                ;
; Use LogicLock Constraints during Resource Balancing            ; On                 ; On                 ;
; Ignore translate_off and synthesis_off directives              ; Off                ; Off                ;
; Timing-Driven Synthesis                                        ; Off                ; Off                ;
; Show Parameter Settings Tables in Synthesis Report             ; On                 ; On                 ;
; Ignore Maximum Fan-Out Assignments                             ; Off                ; Off                ;
; Synchronization Register Chain Length                          ; 2                  ; 2                  ;
; PowerPlay Power Optimization                                   ; Normal compilation ; Normal compilation ;
; HDL message level                                              ; Level2             ; Level2             ;
; Suppress Register Optimization Related Messages                ; Off                ; Off                ;
; Number of Removed Registers Reported in Synthesis Report       ; 100                ; 100                ;
; Number of Inverted Registers Reported in Synthesis Report      ; 100                ; 100                ;
; Clock MUX Protection                                           ; On                 ; On                 ;
; Auto Gated Clock Conversion                                    ; Off                ; Off                ;
; Block Design Naming                                            ; Auto               ; Auto               ;
; SDC constraint protection                                      ; Off                ; Off                ;
; Synthesis Effort                                               ; Auto               ; Auto               ;
; Allows Asynchronous Clear Usage For Shift Register Replacement ; On                 ; On                 ;
; Analysis & Synthesis Message Level                             ; Medium             ; Medium             ;
+----------------------------------------------------------------+--------------------+--------------------+


+-------------------------------------------------+
; Analysis & Synthesis Default Parameter Settings ;
+----------------------+--------------------------+
; Name                 ; Setting                  ;
+----------------------+--------------------------+
; CYCLONEII_SAFE_WRITE ; "VERIFIED_SAFE"          ;
+----------------------+--------------------------+


+---------------------------------------------------------------------------------------------------------------------------------------------------------------------------------+
; Analysis & Synthesis Source Files Read                                                                                                                                          ;
+----------------------------------+-----------------+-------------------------------------------------------+--------------------------------------------------------------------+
; File Name with User-Entered Path ; Used in Netlist ; File Type                                             ; File Name with Absolute Path                                       ;
+----------------------------------+-----------------+-------------------------------------------------------+--------------------------------------------------------------------+
; div.v                            ; yes             ; User Verilog HDL File                                 ; E:/EDA/music_railgun/div.v                                         ;
; player.v                         ; yes             ; User Verilog HDL File                                 ; E:/EDA/music_railgun/player.v                                      ;
; railgun.mif                      ; yes             ; User Memory Initialization File                       ; E:/EDA/music_railgun/railgun.mif                                   ;
; railgun.v                        ; yes             ; User Wizard-Generated File                            ; E:/EDA/music_railgun/railgun.v                                     ;
; music.bdf                        ; yes             ; User Block Diagram/Schematic File                     ; E:/EDA/music_railgun/music.bdf                                     ;
; altsyncram.tdf                   ; yes             ; Megafunction                                          ; d:/altera/90/quartus/libraries/megafunctions/altsyncram.tdf        ;
; stratix_ram_block.inc            ; yes             ; Megafunction                                          ; d:/altera/90/quartus/libraries/megafunctions/stratix_ram_block.inc ;
; lpm_mux.inc                      ; yes             ; Megafunction                                          ; d:/altera/90/quartus/libraries/megafunctions/lpm_mux.inc           ;
; lpm_decode.inc                   ; yes             ; Megafunction                                          ; d:/altera/90/quartus/libraries/megafunctions/lpm_decode.inc        ;
; aglobal90.inc                    ; yes             ; Megafunction                                          ; d:/altera/90/quartus/libraries/megafunctions/aglobal90.inc         ;
; a_rdenreg.inc                    ; yes             ; Megafunction                                          ; d:/altera/90/quartus/libraries/megafunctions/a_rdenreg.inc         ;
; altrom.inc                       ; yes             ; Megafunction                                          ; d:/altera/90/quartus/libraries/megafunctions/altrom.inc            ;
; altram.inc                       ; yes             ; Megafunction                                          ; d:/altera/90/quartus/libraries/megafunctions/altram.inc            ;
; altdpram.inc                     ; yes             ; Megafunction                                          ; d:/altera/90/quartus/libraries/megafunctions/altdpram.inc          ;
; altqpram.inc                     ; yes             ; Megafunction                                          ; d:/altera/90/quartus/libraries/megafunctions/altqpram.inc          ;
; db/altsyncram_ekf1.tdf           ; yes             ; Auto-Generated Megafunction                           ; E:/EDA/music_railgun/db/altsyncram_ekf1.tdf                        ;
; db/altsyncram_e5h2.tdf           ; yes             ; Auto-Generated Megafunction                           ; E:/EDA/music_railgun/db/altsyncram_e5h2.tdf                        ;
; sld_mod_ram_rom.vhd              ; yes             ; Encrypted Megafunction                                ; d:/altera/90/quartus/libraries/megafunctions/sld_mod_ram_rom.vhd   ;
; sld_rom_sr.vhd                   ; yes             ; Encrypted Megafunction                                ; d:/altera/90/quartus/libraries/megafunctions/sld_rom_sr.vhd        ;
; sld_hub.vhd                      ; yes             ; Encrypted Megafunction                                ; d:/altera/90/quartus/libraries/megafunctions/sld_hub.vhd           ;
; db/altsyncram_fo21.tdf           ; yes             ; Auto-Generated Megafunction                           ; E:/EDA/music_railgun/db/altsyncram_fo21.tdf                        ;
; music.music0.rtl.mif             ; yes             ; Auto-Generated Auto-Found Memory Initialization File  ; E:/EDA/music_railgun/db/music.music0.rtl.mif                       ;
; lpm_divide.tdf                   ; yes             ; Megafunction                                          ; d:/altera/90/quartus/libraries/megafunctions/lpm_divide.tdf        ;
; abs_divider.inc                  ; yes             ; Megafunction                                          ; d:/altera/90/quartus/libraries/megafunctions/abs_divider.inc       ;
; sign_div_unsign.inc              ; yes             ; Megafunction                                          ; d:/altera/90/quartus/libraries/megafunctions/sign_div_unsign.inc   ;
; db/lpm_divide_gjm.tdf            ; yes             ; Auto-Generated Megafunction                           ; E:/EDA/music_railgun/db/lpm_divide_gjm.tdf                         ;
; db/sign_div_unsign_hnh.tdf       ; yes             ; Auto-Generated Megafunction                           ; E:/EDA/music_railgun/db/sign_div_unsign_hnh.tdf                    ;
; db/alt_u_div_d9f.tdf             ; yes             ; Auto-Generated Megafunction                           ; E:/EDA/music_railgun/db/alt_u_div_d9f.tdf                          ;
; db/add_sub_unc.tdf               ; yes             ; Auto-Generated Megafunction                           ; E:/EDA/music_railgun/db/add_sub_unc.tdf                            ;
; db/add_sub_vnc.tdf               ; yes             ; Auto-Generated Megafunction                           ; E:/EDA/music_railgun/db/add_sub_vnc.tdf                            ;
+----------------------------------+-----------------+-------------------------------------------------------+--------------------------------------------------------------------+


+------------------------------------------------------------------------+
; Analysis & Synthesis Resource Usage Summary                            ;
+---------------------------------------------+--------------------------+
; Resource                                    ; Usage                    ;
+---------------------------------------------+--------------------------+
; Estimated Total logic elements              ; 1,004                    ;
;                                             ;                          ;
; Total combinational functions               ; 990                      ;
; Logic element usage by number of LUT inputs ;                          ;
;     -- 4 input functions                    ; 242                      ;
;     -- 3 input functions                    ; 479                      ;
;     -- <=2 input functions                  ; 269                      ;
;                                             ;                          ;
; Logic elements by mode                      ;                          ;
;     -- normal mode                          ; 591                      ;
;     -- arithmetic mode                      ; 399                      ;
;                                             ;                          ;
; Total registers                             ; 164                      ;
;     -- Dedicated logic registers            ; 164                      ;
;     -- I/O registers                        ; 0                        ;
;                                             ;                          ;
; I/O pins                                    ; 3                        ;
; Total memory bits                           ; 11264                    ;
; Maximum fan-out node                        ; altera_internal_jtag~TDO ;
; Maximum fan-out                             ; 132                      ;
; Total fan-out                               ; 3731                     ;
; Average fan-out                             ; 3.14                     ;
+---------------------------------------------+--------------------------+


+------------------------------------------------------------------------------------------------------------------------------------------------------------------------------------------------------------------------------------------------------------------------------------------------------------------------------------------------------------------+
; Analysis & Synthesis Resource Utilization by Entity                                                                                                                                                                                                                                                                                                              ;
+---------------------------------------------------------------------+-------------------+--------------+-------------+--------------+---------+-----------+------+--------------+-----------------------------------------------------------------------------------------------------------------------------------------------------------------+--------------+
; Compilation Hierarchy Node                                          ; LC Combinationals ; LC Registers ; Memory Bits ; DSP Elements ; DSP 9x9 ; DSP 18x18 ; Pins ; Virtual Pins ; Full Hierarchy Name                                                                                                                                             ; Library Name ;
+---------------------------------------------------------------------+-------------------+--------------+-------------+--------------+---------+-----------+------+--------------+-----------------------------------------------------------------------------------------------------------------------------------------------------------------+--------------+
; |music                                                              ; 990 (1)           ; 164 (0)      ; 11264       ; 0            ; 0       ; 0         ; 3    ; 0            ; |music                                                                                                                                                          ; work         ;
;    |div:inst3|                                                      ; 73 (73)           ; 43 (43)      ; 0           ; 0            ; 0       ; 0         ; 0    ; 0            ; |music|div:inst3                                                                                                                                                ; work         ;
;    |player:inst4|                                                   ; 761 (63)          ; 20 (20)      ; 3072        ; 0            ; 0       ; 0         ; 0    ; 0            ; |music|player:inst4                                                                                                                                             ; work         ;
;       |altsyncram:WideOr2_rtl_0|                                    ; 0 (0)             ; 0 (0)        ; 3072        ; 0            ; 0       ; 0         ; 0    ; 0            ; |music|player:inst4|altsyncram:WideOr2_rtl_0                                                                                                                    ; work         ;
;          |altsyncram_fo21:auto_generated|                           ; 0 (0)             ; 0 (0)        ; 3072        ; 0            ; 0       ; 0         ; 0    ; 0            ; |music|player:inst4|altsyncram:WideOr2_rtl_0|altsyncram_fo21:auto_generated                                                                                     ; work         ;
;       |lpm_divide:Div0|                                             ; 698 (0)           ; 0 (0)        ; 0           ; 0            ; 0       ; 0         ; 0    ; 0            ; |music|player:inst4|lpm_divide:Div0                                                                                                                             ; work         ;
;          |lpm_divide_gjm:auto_generated|                            ; 698 (0)           ; 0 (0)        ; 0           ; 0            ; 0       ; 0         ; 0    ; 0            ; |music|player:inst4|lpm_divide:Div0|lpm_divide_gjm:auto_generated                                                                                               ; work         ;
;             |sign_div_unsign_hnh:divider|                           ; 698 (0)           ; 0 (0)        ; 0           ; 0            ; 0       ; 0         ; 0    ; 0            ; |music|player:inst4|lpm_divide:Div0|lpm_divide_gjm:auto_generated|sign_div_unsign_hnh:divider                                                                   ; work         ;
;                |alt_u_div_d9f:divider|                              ; 698 (698)         ; 0 (0)        ; 0           ; 0            ; 0       ; 0         ; 0    ; 0            ; |music|player:inst4|lpm_divide:Div0|lpm_divide_gjm:auto_generated|sign_div_unsign_hnh:divider|alt_u_div_d9f:divider                                             ; work         ;
;    |railgun:inst|                                                   ; 63 (0)            ; 37 (0)       ; 8192        ; 0            ; 0       ; 0         ; 0    ; 0            ; |music|railgun:inst                                                                                                                                             ; work         ;
;       |altsyncram:altsyncram_component|                             ; 63 (0)            ; 37 (0)       ; 8192        ; 0            ; 0       ; 0         ; 0    ; 0            ; |music|railgun:inst|altsyncram:altsyncram_component                                                                                                             ; work         ;
;          |altsyncram_ekf1:auto_generated|                           ; 63 (0)            ; 37 (0)       ; 8192        ; 0            ; 0       ; 0         ; 0    ; 0            ; |music|railgun:inst|altsyncram:altsyncram_component|altsyncram_ekf1:auto_generated                                                                              ; work         ;
;             |altsyncram_e5h2:altsyncram1|                           ; 0 (0)             ; 0 (0)        ; 8192        ; 0            ; 0       ; 0         ; 0    ; 0            ; |music|railgun:inst|altsyncram:altsyncram_component|altsyncram_ekf1:auto_generated|altsyncram_e5h2:altsyncram1                                                  ; work         ;
;             |sld_mod_ram_rom:mgl_prim2|                             ; 63 (38)           ; 37 (28)      ; 0           ; 0            ; 0       ; 0         ; 0    ; 0            ; |music|railgun:inst|altsyncram:altsyncram_component|altsyncram_ekf1:auto_generated|sld_mod_ram_rom:mgl_prim2                                                    ; work         ;
;                |sld_rom_sr:\ram_rom_logic_gen:name_gen:info_rom_sr| ; 25 (25)           ; 9 (9)        ; 0           ; 0            ; 0       ; 0         ; 0    ; 0            ; |music|railgun:inst|altsyncram:altsyncram_component|altsyncram_ekf1:auto_generated|sld_mod_ram_rom:mgl_prim2|sld_rom_sr:\ram_rom_logic_gen:name_gen:info_rom_sr ; work         ;
;    |sld_hub:sld_hub_inst|                                           ; 92 (55)           ; 64 (36)      ; 0           ; 0            ; 0       ; 0         ; 0    ; 0            ; |music|sld_hub:sld_hub_inst                                                                                                                                     ; work         ;
;       |sld_rom_sr:hub_info_reg|                                     ; 20 (20)           ; 9 (9)        ; 0           ; 0            ; 0       ; 0         ; 0    ; 0            ; |music|sld_hub:sld_hub_inst|sld_rom_sr:hub_info_reg                                                                                                             ; work         ;
;       |sld_shadow_jsm:shadow_jsm|                                   ; 17 (17)           ; 19 (19)      ; 0           ; 0            ; 0       ; 0         ; 0    ; 0            ; |music|sld_hub:sld_hub_inst|sld_shadow_jsm:shadow_jsm                                                                                                           ; work         ;
+---------------------------------------------------------------------+-------------------+--------------+-------------+--------------+---------+-----------+------+--------------+-----------------------------------------------------------------------------------------------------------------------------------------------------------------+--------------+
Note: For table entries with two numbers listed, the numbers in parentheses indicate the number of resources of the given type used by the specific entity alone. The numbers listed outside of parentheses indicate the total resources of the given type used by the specific entity and all of its sub-entities in the hierarchy.


+--------------------------------------------------------------------------------------------------------------------------------------------------------------------------------------------------------------------------------------+
; Analysis & Synthesis RAM Summary                                                                                                                                                                                                     ;
+--------------------------------------------------------------------------------------------------------------------+------+----------------+--------------+--------------+--------------+--------------+------+----------------------+
; Name                                                                                                               ; Type ; Mode           ; Port A Depth ; Port A Width ; Port B Depth ; Port B Width ; Size ; MIF                  ;
+--------------------------------------------------------------------------------------------------------------------+------+----------------+--------------+--------------+--------------+--------------+------+----------------------+
; player:inst4|altsyncram:WideOr2_rtl_0|altsyncram_fo21:auto_generated|ALTSYNCRAM                                    ; AUTO ; ROM            ; 256          ; 12           ; --           ; --           ; 3072 ; music.music0.rtl.mif ;
; railgun:inst|altsyncram:altsyncram_component|altsyncram_ekf1:auto_generated|altsyncram_e5h2:altsyncram1|ALTSYNCRAM ; AUTO ; True Dual Port ; 1024         ; 8            ; 1024         ; 8            ; 8192 ; railgun.mif          ;
+--------------------------------------------------------------------------------------------------------------------+------+----------------+--------------+--------------+--------------+--------------+------+----------------------+


+--------------------------------------------------------------------------------+
; Registers Removed During Synthesis                                             ;
+---------------------------------------+----------------------------------------+
; Register name                         ; Reason for Removal                     ;
+---------------------------------------+----------------------------------------+
; player:inst4|Tone[12..18]             ; Stuck at GND due to stuck port data_in ;
; Total Number of Removed Registers = 7 ;                                        ;
+---------------------------------------+----------------------------------------+


+------------------------------------------------------+
; General Register Statistics                          ;
+----------------------------------------------+-------+
; Statistic                                    ; Value ;
+----------------------------------------------+-------+
; Total registers                              ; 164   ;
; Number of registers using Synchronous Clear  ; 41    ;
; Number of registers using Synchronous Load   ; 11    ;
; Number of registers using Asynchronous Clear ; 96    ;
; Number of registers using Asynchronous Load  ; 0     ;
; Number of registers using Clock Enable       ; 58    ;
; Number of registers using Preset             ; 0     ;
+----------------------------------------------+-------+


+--------------------------------------------------+
; Inverted Register Statistics                     ;
+----------------------------------------+---------+
; Inverted Register                      ; Fan out ;
+----------------------------------------+---------+
; sld_hub:sld_hub_inst|tdo               ; 2       ;
; Total number of inverted registers = 1 ;         ;
+----------------------------------------+---------+


+-------------------------------------------------------+
; Registers Packed Into Inferred Megafunctions          ;
+-----------------------+------------------------+------+
; Register Name         ; Megafunction           ; Type ;
+-----------------------+------------------------+------+
; player:inst4|Tone[9]  ; player:inst4|WideOr2~0 ; ROM  ;
; player:inst4|Tone[8]  ; player:inst4|WideOr2~0 ; ROM  ;
; player:inst4|Tone[7]  ; player:inst4|WideOr2~0 ; ROM  ;
; player:inst4|Tone[6]  ; player:inst4|WideOr2~0 ; ROM  ;
; player:inst4|Tone[5]  ; player:inst4|WideOr2~0 ; ROM  ;
; player:inst4|Tone[4]  ; player:inst4|WideOr2~0 ; ROM  ;
; player:inst4|Tone[3]  ; player:inst4|WideOr2~0 ; ROM  ;
; player:inst4|Tone[2]  ; player:inst4|WideOr2~0 ; ROM  ;
; player:inst4|Tone[1]  ; player:inst4|WideOr2~0 ; ROM  ;
; player:inst4|Tone[0]  ; player:inst4|WideOr2~0 ; ROM  ;
; player:inst4|Tone[10] ; player:inst4|WideOr2~0 ; ROM  ;
; player:inst4|Tone[11] ; player:inst4|WideOr2~0 ; ROM  ;
+-----------------------+------------------------+------+


+-----------------------------------------------------------------------------------------------------------------------------------------------------------------------------------------------------------------------------------------------------------------------------------------------+
; Multiplexer Restructuring Statistics (Restructuring Performed)                                                                                                                                                                                                                                ;
+--------------------+-----------+---------------+----------------------+------------------------+------------+---------------------------------------------------------------------------------------------------------------------------------------------------------------------------------+
; Multiplexer Inputs ; Bus Width ; Baseline Area ; Area if Restructured ; Saving if Restructured ; Registered ; Example Multiplexer Output                                                                                                                                                      ;
+--------------------+-----------+---------------+----------------------+------------------------+------------+---------------------------------------------------------------------------------------------------------------------------------------------------------------------------------+
; 3:1                ; 8 bits    ; 16 LEs        ; 8 LEs                ; 8 LEs                  ; Yes        ; |music|railgun:inst|altsyncram:altsyncram_component|altsyncram_ekf1:auto_generated|sld_mod_ram_rom:mgl_prim2|ram_rom_data_reg[0]                                                ;
; 5:1                ; 5 bits    ; 15 LEs        ; 5 LEs                ; 10 LEs                 ; Yes        ; |music|railgun:inst|altsyncram:altsyncram_component|altsyncram_ekf1:auto_generated|sld_mod_ram_rom:mgl_prim2|sld_rom_sr:\ram_rom_logic_gen:name_gen:info_rom_sr|word_counter[0] ;
; 24:1               ; 4 bits    ; 64 LEs        ; 52 LEs               ; 12 LEs                 ; Yes        ; |music|railgun:inst|altsyncram:altsyncram_component|altsyncram_ekf1:auto_generated|sld_mod_ram_rom:mgl_prim2|sld_rom_sr:\ram_rom_logic_gen:name_gen:info_rom_sr|WORD_SR[0]      ;
; 5:1                ; 5 bits    ; 15 LEs        ; 5 LEs                ; 10 LEs                 ; Yes        ; |music|sld_hub:sld_hub_inst|irf_reg[1][0]                                                                                                                                       ;
; 5:1                ; 5 bits    ; 15 LEs        ; 5 LEs                ; 10 LEs                 ; Yes        ; |music|sld_hub:sld_hub_inst|sld_rom_sr:hub_info_reg|word_counter[0]                                                                                                             ;
; 6:1                ; 4 bits    ; 16 LEs        ; 4 LEs                ; 12 LEs                 ; Yes        ; |music|sld_hub:sld_hub_inst|irsr_reg[2]                                                                                                                                         ;
; 6:1                ; 5 bits    ; 20 LEs        ; 5 LEs                ; 15 LEs                 ; Yes        ; |music|sld_hub:sld_hub_inst|shadow_irf_reg[1][0]                                                                                                                                ;
; 20:1               ; 4 bits    ; 52 LEs        ; 32 LEs               ; 20 LEs                 ; Yes        ; |music|sld_hub:sld_hub_inst|sld_rom_sr:hub_info_reg|WORD_SR[0]                                                                                                                  ;
+--------------------+-----------+---------------+----------------------+------------------------+------------+---------------------------------------------------------------------------------------------------------------------------------------------------------------------------------+


+--------------------------------------------------------------------------------------------------------------------------------+
; Source assignments for railgun:inst|altsyncram:altsyncram_component|altsyncram_ekf1:auto_generated|altsyncram_e5h2:altsyncram1 ;
+---------------------------------+--------------------+------+------------------------------------------------------------------+
; Assignment                      ; Value              ; From ; To                                                               ;
+---------------------------------+--------------------+------+------------------------------------------------------------------+
; OPTIMIZE_POWER_DURING_SYNTHESIS ; NORMAL_COMPILATION ; -    ; -                                                                ;
+---------------------------------+--------------------+------+------------------------------------------------------------------+


+---------------------------------------------------------------------------------------------------------------------------------------------------------------------------------+
; Source assignments for railgun:inst|altsyncram:altsyncram_component|altsyncram_ekf1:auto_generated|sld_mod_ram_rom:mgl_prim2|sld_rom_sr:\ram_rom_logic_gen:name_gen:info_rom_sr ;
+----------------------+-------+------+-------------------------------------------------------------------------------------------------------------------------------------------+
; Assignment           ; Value ; From ; To                                                                                                                                        ;
+----------------------+-------+------+-------------------------------------------------------------------------------------------------------------------------------------------+
; AUTO_ROM_RECOGNITION ; OFF   ; -    ; -                                                                                                                                         ;
+----------------------+-------+------+-------------------------------------------------------------------------------------------------------------------------------------------+


+-------------------------------------------------------+
; Source assignments for sld_hub:sld_hub_inst           ;
+------------------------------+-------+------+---------+
; Assignment                   ; Value ; From ; To      ;
+------------------------------+-------+------+---------+
; IGNORE_LCELL_BUFFERS         ; OFF   ; -    ; -       ;
; REMOVE_REDUNDANT_LOGIC_CELLS ; OFF   ; -    ; -       ;
; NOT_GATE_PUSH_BACK           ; OFF   ; -    ; clr_reg ;
; POWER_UP_LEVEL               ; LOW   ; -    ; clr_reg ;
+------------------------------+-------+------+---------+


+---------------------------------------------------------------------+
; Source assignments for sld_hub:sld_hub_inst|sld_rom_sr:hub_info_reg ;
+----------------------+-------+------+-------------------------------+
; Assignment           ; Value ; From ; To                            ;
+----------------------+-------+------+-------------------------------+
; AUTO_ROM_RECOGNITION ; OFF   ; -    ; -                             ;
+----------------------+-------+------+-------------------------------+


+---------------------------------------------------------------------------------------------+
; Source assignments for player:inst4|altsyncram:WideOr2_rtl_0|altsyncram_fo21:auto_generated ;
+---------------------------------+--------------------+------+-------------------------------+
; Assignment                      ; Value              ; From ; To                            ;
+---------------------------------+--------------------+------+-------------------------------+
; OPTIMIZE_POWER_DURING_SYNTHESIS ; NORMAL_COMPILATION ; -    ; -                             ;
+---------------------------------+--------------------+------+-------------------------------+


+-------------------------------------------------------------------------------------------+
; Parameter Settings for User Entity Instance: railgun:inst|altsyncram:altsyncram_component ;
+------------------------------------+----------------------+-------------------------------+
; Parameter Name                     ; Value                ; Type                          ;
+------------------------------------+----------------------+-------------------------------+
; BYTE_SIZE_BLOCK                    ; 8                    ; Untyped                       ;
; AUTO_CARRY_CHAINS                  ; ON                   ; AUTO_CARRY                    ;
; IGNORE_CARRY_BUFFERS               ; OFF                  ; IGNORE_CARRY                  ;
; AUTO_CASCADE_CHAINS                ; ON                   ; AUTO_CASCADE                  ;
; IGNORE_CASCADE_BUFFERS             ; OFF                  ; IGNORE_CASCADE                ;
; WIDTH_BYTEENA                      ; 1                    ; Untyped                       ;
; OPERATION_MODE                     ; ROM                  ; Untyped                       ;
; WIDTH_A                            ; 8                    ; Signed Integer                ;
; WIDTHAD_A                          ; 10                   ; Signed Integer                ;
; NUMWORDS_A                         ; 1024                 ; Signed Integer                ;
; OUTDATA_REG_A                      ; UNREGISTERED         ; Untyped                       ;
; ADDRESS_ACLR_A                     ; NONE                 ; Untyped                       ;
; OUTDATA_ACLR_A                     ; NONE                 ; Untyped                       ;
; WRCONTROL_ACLR_A                   ; NONE                 ; Untyped                       ;
; INDATA_ACLR_A                      ; NONE                 ; Untyped                       ;
; BYTEENA_ACLR_A                     ; NONE                 ; Untyped                       ;
; WIDTH_B                            ; 1                    ; Untyped                       ;
; WIDTHAD_B                          ; 1                    ; Untyped                       ;
; NUMWORDS_B                         ; 1                    ; Untyped                       ;
; INDATA_REG_B                       ; CLOCK1               ; Untyped                       ;
; WRCONTROL_WRADDRESS_REG_B          ; CLOCK1               ; Untyped                       ;
; RDCONTROL_REG_B                    ; CLOCK1               ; Untyped                       ;
; ADDRESS_REG_B                      ; CLOCK1               ; Untyped                       ;
; OUTDATA_REG_B                      ; UNREGISTERED         ; Untyped                       ;
; BYTEENA_REG_B                      ; CLOCK1               ; Untyped                       ;
; INDATA_ACLR_B                      ; NONE                 ; Untyped                       ;
; WRCONTROL_ACLR_B                   ; NONE                 ; Untyped                       ;
; ADDRESS_ACLR_B                     ; NONE                 ; Untyped                       ;
; OUTDATA_ACLR_B                     ; NONE                 ; Untyped                       ;
; RDCONTROL_ACLR_B                   ; NONE                 ; Untyped                       ;
; BYTEENA_ACLR_B                     ; NONE                 ; Untyped                       ;
; WIDTH_BYTEENA_A                    ; 1                    ; Signed Integer                ;
; WIDTH_BYTEENA_B                    ; 1                    ; Untyped                       ;
; RAM_BLOCK_TYPE                     ; AUTO                 ; Untyped                       ;
; BYTE_SIZE                          ; 8                    ; Untyped                       ;
; READ_DURING_WRITE_MODE_MIXED_PORTS ; DONT_CARE            ; Untyped                       ;
; READ_DURING_WRITE_MODE_PORT_A      ; NEW_DATA_NO_NBE_READ ; Untyped                       ;
; READ_DURING_WRITE_MODE_PORT_B      ; NEW_DATA_NO_NBE_READ ; Untyped                       ;
; INIT_FILE                          ; railgun.mif          ; Untyped                       ;
; INIT_FILE_LAYOUT                   ; PORT_A               ; Untyped                       ;
; MAXIMUM_DEPTH                      ; 0                    ; Untyped                       ;
; CLOCK_ENABLE_INPUT_A               ; BYPASS               ; Untyped                       ;
; CLOCK_ENABLE_INPUT_B               ; NORMAL               ; Untyped                       ;
; CLOCK_ENABLE_OUTPUT_A              ; BYPASS               ; Untyped                       ;
; CLOCK_ENABLE_OUTPUT_B              ; NORMAL               ; Untyped                       ;
; CLOCK_ENABLE_CORE_A                ; USE_INPUT_CLKEN      ; Untyped                       ;
; CLOCK_ENABLE_CORE_B                ; USE_INPUT_CLKEN      ; Untyped                       ;
; ENABLE_ECC                         ; FALSE                ; Untyped                       ;
; DEVICE_FAMILY                      ; Cyclone III          ; Untyped                       ;
; CBXI_PARAMETER                     ; altsyncram_ekf1      ; Untyped                       ;
+------------------------------------+----------------------+-------------------------------+
Note: In order to hide this table in the UI and the text report file, please set the "Show Parameter Settings Tables in Synthesis Report" option in "Analysis and Synthesis Settings -> More Settings" to "Off".


+----------------------------------------------------------------------------------------------------------------------------------------------------+
; Parameter Settings for User Entity Instance: railgun:inst|altsyncram:altsyncram_component|altsyncram_ekf1:auto_generated|sld_mod_ram_rom:mgl_prim2 ;
+-------------------------+------------+-------------------------------------------------------------------------------------------------------------+
; Parameter Name          ; Value      ; Type                                                                                                        ;
+-------------------------+------------+-------------------------------------------------------------------------------------------------------------+
; SLD_NODE_INFO           ; 135818752  ; Signed Integer                                                                                              ;
; SLD_AUTO_INSTANCE_INDEX ; yes        ; String                                                                                                      ;
; SLD_IP_VERSION          ; 1          ; Signed Integer                                                                                              ;
; SLD_IP_MINOR_VERSION    ; 3          ; Signed Integer                                                                                              ;
; SLD_COMMON_IP_VERSION   ; 0          ; Signed Integer                                                                                              ;
; width_word              ; 8          ; Untyped                                                                                                     ;
; numwords                ; 1024       ; Untyped                                                                                                     ;
; widthad                 ; 10         ; Untyped                                                                                                     ;
; shift_count_bits        ; 4          ; Untyped                                                                                                     ;
; cvalue                  ; 00000000   ; Untyped                                                                                                     ;
; is_data_in_ram          ; 1          ; Untyped                                                                                                     ;
; is_readable             ; 1          ; Untyped                                                                                                     ;
; node_name               ; 1380928817 ; Untyped                                                                                                     ;
+-------------------------+------------+-------------------------------------------------------------------------------------------------------------+
Note: In order to hide this table in the UI and the text report file, please set the "Show Parameter Settings Tables in Synthesis Report" option in "Analysis and Synthesis Settings -> More Settings" to "Off".


+-------------------------------------------------------------------------------+
; Parameter Settings for Inferred Entity Instance: sld_hub:sld_hub_inst         ;
+--------------------------+----------------------------------+-----------------+
; Parameter Name           ; Value                            ; Type            ;
+--------------------------+----------------------------------+-----------------+
; sld_hub_ip_version       ; 1                                ; Untyped         ;
; sld_hub_ip_minor_version ; 4                                ; Untyped         ;
; sld_common_ip_version    ; 0                                ; Untyped         ;
; device_family            ; Cyclone III                      ; Untyped         ;
; n_nodes                  ; 1                                ; Untyped         ;
; n_sel_bits               ; 1                                ; Untyped         ;
; n_node_ir_bits           ; 5                                ; Untyped         ;
; node_info                ; 00001000000110000110111000000000 ; Unsigned Binary ;
; compilation_mode         ; 1                                ; Untyped         ;
; BROADCAST_FEATURE        ; 1                                ; Signed Integer  ;
; FORCE_IR_CAPTURE_FEATURE ; 1                                ; Signed Integer  ;
+--------------------------+----------------------------------+-----------------+
Note: In order to hide this table in the UI and the text report file, please set the "Show Parameter Settings Tables in Synthesis Report" option in "Analysis and Synthesis Settings -> More Settings" to "Off".


+----------------------------------------------------------------------------------------+
; Parameter Settings for Inferred Entity Instance: player:inst4|altsyncram:WideOr2_rtl_0 ;
+------------------------------------+----------------------+----------------------------+
; Parameter Name                     ; Value                ; Type                       ;
+------------------------------------+----------------------+----------------------------+
; BYTE_SIZE_BLOCK                    ; 8                    ; Untyped                    ;
; AUTO_CARRY_CHAINS                  ; ON                   ; AUTO_CARRY                 ;
; IGNORE_CARRY_BUFFERS               ; OFF                  ; IGNORE_CARRY               ;
; AUTO_CASCADE_CHAINS                ; ON                   ; AUTO_CASCADE               ;
; IGNORE_CASCADE_BUFFERS             ; OFF                  ; IGNORE_CASCADE             ;
; WIDTH_BYTEENA                      ; 1                    ; Untyped                    ;
; OPERATION_MODE                     ; ROM                  ; Untyped                    ;
; WIDTH_A                            ; 12                   ; Untyped                    ;
; WIDTHAD_A                          ; 8                    ; Untyped                    ;
; NUMWORDS_A                         ; 256                  ; Untyped                    ;
; OUTDATA_REG_A                      ; UNREGISTERED         ; Untyped                    ;
; ADDRESS_ACLR_A                     ; NONE                 ; Untyped                    ;
; OUTDATA_ACLR_A                     ; NONE                 ; Untyped                    ;
; WRCONTROL_ACLR_A                   ; NONE                 ; Untyped                    ;
; INDATA_ACLR_A                      ; NONE                 ; Untyped                    ;
; BYTEENA_ACLR_A                     ; NONE                 ; Untyped                    ;
; WIDTH_B                            ; 1                    ; Untyped                    ;
; WIDTHAD_B                          ; 1                    ; Untyped                    ;
; NUMWORDS_B                         ; 1                    ; Untyped                    ;
; INDATA_REG_B                       ; CLOCK1               ; Untyped                    ;
; WRCONTROL_WRADDRESS_REG_B          ; CLOCK1               ; Untyped                    ;
; RDCONTROL_REG_B                    ; CLOCK1               ; Untyped                    ;
; ADDRESS_REG_B                      ; CLOCK1               ; Untyped                    ;
; OUTDATA_REG_B                      ; UNREGISTERED         ; Untyped                    ;
; BYTEENA_REG_B                      ; CLOCK1               ; Untyped                    ;
; INDATA_ACLR_B                      ; NONE                 ; Untyped                    ;
; WRCONTROL_ACLR_B                   ; NONE                 ; Untyped                    ;
; ADDRESS_ACLR_B                     ; NONE                 ; Untyped                    ;
; OUTDATA_ACLR_B                     ; NONE                 ; Untyped                    ;
; RDCONTROL_ACLR_B                   ; NONE                 ; Untyped                    ;
; BYTEENA_ACLR_B                     ; NONE                 ; Untyped                    ;
; WIDTH_BYTEENA_A                    ; 1                    ; Untyped                    ;
; WIDTH_BYTEENA_B                    ; 1                    ; Untyped                    ;
; RAM_BLOCK_TYPE                     ; AUTO                 ; Untyped                    ;
; BYTE_SIZE                          ; 8                    ; Untyped                    ;
; READ_DURING_WRITE_MODE_MIXED_PORTS ; DONT_CARE            ; Untyped                    ;
; READ_DURING_WRITE_MODE_PORT_A      ; NEW_DATA_NO_NBE_READ ; Untyped                    ;
; READ_DURING_WRITE_MODE_PORT_B      ; NEW_DATA_NO_NBE_READ ; Untyped                    ;
; INIT_FILE                          ; music.music0.rtl.mif ; Untyped                    ;
; INIT_FILE_LAYOUT                   ; PORT_A               ; Untyped                    ;
; MAXIMUM_DEPTH                      ; 0                    ; Untyped                    ;
; CLOCK_ENABLE_INPUT_A               ; NORMAL               ; Untyped                    ;
; CLOCK_ENABLE_INPUT_B               ; NORMAL               ; Untyped                    ;
; CLOCK_ENABLE_OUTPUT_A              ; NORMAL               ; Untyped                    ;
; CLOCK_ENABLE_OUTPUT_B              ; NORMAL               ; Untyped                    ;
; CLOCK_ENABLE_CORE_A                ; USE_INPUT_CLKEN      ; Untyped                    ;
; CLOCK_ENABLE_CORE_B                ; USE_INPUT_CLKEN      ; Untyped                    ;
; ENABLE_ECC                         ; FALSE                ; Untyped                    ;
; DEVICE_FAMILY                      ; Cyclone III          ; Untyped                    ;
; CBXI_PARAMETER                     ; altsyncram_fo21      ; Untyped                    ;
+------------------------------------+----------------------+----------------------------+
Note: In order to hide this table in the UI and the text report file, please set the "Show Parameter Settings Tables in Synthesis Report" option in "Analysis and Synthesis Settings -> More Settings" to "Off".


+-------------------------------------------------------------------------------+
; Parameter Settings for Inferred Entity Instance: player:inst4|lpm_divide:Div0 ;
+------------------------+----------------+-------------------------------------+
; Parameter Name         ; Value          ; Type                                ;
+------------------------+----------------+-------------------------------------+
; LPM_WIDTHN             ; 26             ; Untyped                             ;
; LPM_WIDTHD             ; 19             ; Untyped                             ;
; LPM_NREPRESENTATION    ; UNSIGNED       ; Untyped                             ;
; LPM_DREPRESENTATION    ; UNSIGNED       ; Untyped                             ;
; LPM_PIPELINE           ; 0              ; Untyped                             ;
; LPM_REMAINDERPOSITIVE  ; TRUE           ; Untyped                             ;
; MAXIMIZE_SPEED         ; 5              ; Untyped                             ;
; CBXI_PARAMETER         ; lpm_divide_gjm ; Untyped                             ;
; CARRY_CHAIN            ; MANUAL         ; Untyped                             ;
; OPTIMIZE_FOR_SPEED     ; 5              ; Untyped                             ;
; AUTO_CARRY_CHAINS      ; ON             ; AUTO_CARRY                          ;
; IGNORE_CARRY_BUFFERS   ; OFF            ; IGNORE_CARRY                        ;
; AUTO_CASCADE_CHAINS    ; ON             ; AUTO_CASCADE                        ;
; IGNORE_CASCADE_BUFFERS ; OFF            ; IGNORE_CASCADE                      ;
+------------------------+----------------+-------------------------------------+
Note: In order to hide this table in the UI and the text report file, please set the "Show Parameter Settings Tables in Synthesis Report" option in "Analysis and Synthesis Settings -> More Settings" to "Off".


+------------------------------------------------------------------------------------------+
; altsyncram Parameter Settings by Entity Instance                                         ;
+-------------------------------------------+----------------------------------------------+
; Name                                      ; Value                                        ;
+-------------------------------------------+----------------------------------------------+
; Number of entity instances                ; 2                                            ;
; Entity Instance                           ; railgun:inst|altsyncram:altsyncram_component ;
;     -- OPERATION_MODE                     ; ROM                                          ;
;     -- WIDTH_A                            ; 8                                            ;
;     -- NUMWORDS_A                         ; 1024                                         ;
;     -- OUTDATA_REG_A                      ; UNREGISTERED                                 ;
;     -- WIDTH_B                            ; 1                                            ;
;     -- NUMWORDS_B                         ; 1                                            ;
;     -- ADDRESS_REG_B                      ; CLOCK1                                       ;
;     -- OUTDATA_REG_B                      ; UNREGISTERED                                 ;
;     -- RAM_BLOCK_TYPE                     ; AUTO                                         ;
;     -- READ_DURING_WRITE_MODE_MIXED_PORTS ; DONT_CARE                                    ;
; Entity Instance                           ; player:inst4|altsyncram:WideOr2_rtl_0        ;
;     -- OPERATION_MODE                     ; ROM                                          ;
;     -- WIDTH_A                            ; 12                                           ;
;     -- NUMWORDS_A                         ; 256                                          ;
;     -- OUTDATA_REG_A                      ; UNREGISTERED                                 ;
;     -- WIDTH_B                            ; 1                                            ;
;     -- NUMWORDS_B                         ; 1                                            ;
;     -- ADDRESS_REG_B                      ; CLOCK1                                       ;
;     -- OUTDATA_REG_B                      ; UNREGISTERED                                 ;
;     -- RAM_BLOCK_TYPE                     ; AUTO                                         ;
;     -- READ_DURING_WRITE_MODE_MIXED_PORTS ; DONT_CARE                                    ;
+-------------------------------------------+----------------------------------------------+


+-----------------------------------------------------------------------------------------------------------------------------------------+
; In-System Memory Content Editor Settings                                                                                                ;
+----------------+-------------+-------+-------+------------+-----------------------------------------------------------------------------+
; Instance Index ; Instance ID ; Width ; Depth ; Mode       ; Hierarchy Location                                                          ;
+----------------+-------------+-------+-------+------------+-----------------------------------------------------------------------------+
; 0              ; ROM1        ; 8     ; 1024  ; Read/Write ; railgun:inst|altsyncram:altsyncram_component|altsyncram_ekf1:auto_generated ;
+----------------+-------------+-------+-------+------------+-----------------------------------------------------------------------------+


+-------------------------------+
; Analysis & Synthesis Messages ;
+-------------------------------+
Info: *******************************************************************
Info: Running Quartus II Analysis & Synthesis
    Info: Version 9.0 Build 132 02/25/2009 SJ Full Version
    Info: Processing started: Fri Dec 04 14:31:59 2020
Info: Command: quartus_map --read_settings_files=on --write_settings_files=off music -c music
Info: Found 1 design units, including 1 entities, in source file div.v
    Info: Found entity 1: div
Info: Found 1 design units, including 1 entities, in source file player.v
    Info: Found entity 1: player
Info: Found 1 design units, including 1 entities, in source file railgun.v
    Info: Found entity 1: railgun
Info: Found 1 design units, including 1 entities, in source file music.bdf
    Info: Found entity 1: music
Info: Elaborating entity "music" for the top level hierarchy
Info: Elaborating entity "player" for hierarchy "player:inst4"
Warning (10230): Verilog HDL assignment warning at player.v(42): truncated value with size 32 to match size of target (19)
Info: Elaborating entity "railgun" for hierarchy "railgun:inst"
Info: Elaborating entity "altsyncram" for hierarchy "railgun:inst|altsyncram:altsyncram_component"
Info: Elaborated megafunction instantiation "railgun:inst|altsyncram:altsyncram_component"
Info: Instantiated megafunction "railgun:inst|altsyncram:altsyncram_component" with the following parameter:
    Info: Parameter "address_aclr_a" = "NONE"
    Info: Parameter "clock_enable_input_a" = "BYPASS"
    Info: Parameter "clock_enable_output_a" = "BYPASS"
    Info: Parameter "init_file" = "railgun.mif"
    Info: Parameter "intended_device_family" = "Cyclone III"
    Info: Parameter "lpm_hint" = "ENABLE_RUNTIME_MOD=YES,INSTANCE_NAME=ROM1"
    Info: Parameter "lpm_type" = "altsyncram"
    Info: Parameter "numwords_a" = "1024"
    Info: Parameter "operation_mode" = "ROM"
    Info: Parameter "outdata_aclr_a" = "NONE"
    Info: Parameter "outdata_reg_a" = "UNREGISTERED"
    Info: Parameter "widthad_a" = "10"
    Info: Parameter "width_a" = "8"
    Info: Parameter "width_byteena_a" = "1"
Info: Found 1 design units, including 1 entities, in source file db/altsyncram_ekf1.tdf
    Info: Found entity 1: altsyncram_ekf1
Info: Elaborating entity "altsyncram_ekf1" for hierarchy "railgun:inst|altsyncram:altsyncram_component|altsyncram_ekf1:auto_generated"
Info: Found 1 design units, including 1 entities, in source file db/altsyncram_e5h2.tdf
    Info: Found entity 1: altsyncram_e5h2
Info: Elaborating entity "altsyncram_e5h2" for hierarchy "railgun:inst|altsyncram:altsyncram_component|altsyncram_ekf1:auto_generated|altsyncram_e5h2:altsyncram1"
Info: Elaborating entity "sld_mod_ram_rom" for hierarchy "railgun:inst|altsyncram:altsyncram_component|altsyncram_ekf1:auto_generated|sld_mod_ram_rom:mgl_prim2"
Info: Elaborated megafunction instantiation "railgun:inst|altsyncram:altsyncram_component|altsyncram_ekf1:auto_generated|sld_mod_ram_rom:mgl_prim2"
Info: Instantiated megafunction "railgun:inst|altsyncram:altsyncram_component|altsyncram_ekf1:auto_generated|sld_mod_ram_rom:mgl_prim2" with the following parameter:
    Info: Parameter "CVALUE" = "00000000"
    Info: Parameter "IS_DATA_IN_RAM" = "1"
    Info: Parameter "IS_READABLE" = "1"
    Info: Parameter "NODE_NAME" = "1380928817"
    Info: Parameter "NUMWORDS" = "1024"
    Info: Parameter "SHIFT_COUNT_BITS" = "4"
    Info: Parameter "WIDTH_WORD" = "8"
    Info: Parameter "WIDTHAD" = "10"
Info: Elaborating entity "sld_rom_sr" for hierarchy "railgun:inst|altsyncram:altsyncram_component|altsyncram_ekf1:auto_generated|sld_mod_ram_rom:mgl_prim2|sld_rom_sr:\ram_rom_logic_gen:name_gen:info_rom_sr"
Info: Elaborating entity "div" for hierarchy "div:inst3"
Info: Inferred 1 megafunctions from design logic
    Info: Inferred altsyncram megafunction from the following design logic: "player:inst4|WideOr2~0"
        Info: Parameter OPERATION_MODE set to ROM
        Info: Parameter WIDTH_A set to 12
        Info: Parameter WIDTHAD_A set to 8
        Info: Parameter NUMWORDS_A set to 256
        Info: Parameter OUTDATA_REG_A set to UNREGISTERED
        Info: Parameter RAM_BLOCK_TYPE set to AUTO
        Info: Parameter INIT_FILE set to music.music0.rtl.mif
Info: Inferred 1 megafunctions from design logic
    Info: Inferred divider/modulo megafunction ("lpm_divide") from the following logic: "player:inst4|Div0"
Info: Elaborated megafunction instantiation "player:inst4|altsyncram:WideOr2_rtl_0"
Info: Instantiated megafunction "player:inst4|altsyncram:WideOr2_rtl_0" with the following parameter:
    Info: Parameter "OPERATION_MODE" = "ROM"
    Info: Parameter "WIDTH_A" = "12"
    Info: Parameter "WIDTHAD_A" = "8"
    Info: Parameter "NUMWORDS_A" = "256"
    Info: Parameter "OUTDATA_REG_A" = "UNREGISTERED"
    Info: Parameter "RAM_BLOCK_TYPE" = "AUTO"
    Info: Parameter "INIT_FILE" = "music.music0.rtl.mif"
Info: Found 1 design units, including 1 entities, in source file db/altsyncram_fo21.tdf
    Info: Found entity 1: altsyncram_fo21
Info: Elaborated megafunction instantiation "player:inst4|lpm_divide:Div0"
Info: Instantiated megafunction "player:inst4|lpm_divide:Div0" with the following parameter:
    Info: Parameter "LPM_WIDTHN" = "26"
    Info: Parameter "LPM_WIDTHD" = "19"
    Info: Parameter "LPM_NREPRESENTATION" = "UNSIGNED"
    Info: Parameter "LPM_DREPRESENTATION" = "UNSIGNED"
Info: Found 1 design units, including 1 entities, in source file db/lpm_divide_gjm.tdf
    Info: Found entity 1: lpm_divide_gjm
Info: Found 1 design units, including 1 entities, in source file db/sign_div_unsign_hnh.tdf
    Info: Found entity 1: sign_div_unsign_hnh
Info: Found 1 design units, including 1 entities, in source file db/alt_u_div_d9f.tdf
    Info: Found entity 1: alt_u_div_d9f
Info: Found 1 design units, including 1 entities, in source file db/add_sub_unc.tdf
    Info: Found entity 1: add_sub_unc
Info: Found 1 design units, including 1 entities, in source file db/add_sub_vnc.tdf
    Info: Found entity 1: add_sub_vnc
Info: Registers with preset signals will power-up high
Info: DEV_CLRn pin will set, and not reset, register with preset signal due to NOT Gate Push-Back
Info: Generated suppressed messages file E:/EDA/music_railgun/music.map.smsg
Info: Implemented 1036 device resources after synthesis - the final resource count might be different
    Info: Implemented 5 input pins
    Info: Implemented 2 output pins
    Info: Implemented 1008 logic cells
    Info: Implemented 20 RAM segments
Info: Quartus II Analysis & Synthesis was successful. 0 errors, 1 warning
    Info: Peak virtual memory: 264 megabytes
    Info: Processing ended: Fri Dec 04 14:32:18 2020
    Info: Elapsed time: 00:00:19
    Info: Total CPU time (on all processors): 00:00:17


+------------------------------------------+
; Analysis & Synthesis Suppressed Messages ;
+------------------------------------------+
The suppressed messages can be found in E:/EDA/music_railgun/music.map.smsg.


