Flow report for myfirst_niosii
Wed Aug 03 20:14:43 2011
Quartus II Version 10.1 Build 197 01/19/2011 Service Pack 1 SJ Full Version


---------------------
; Table of Contents ;
---------------------
  1. Legal Notice
  2. Flow Summary
  3. Flow Settings
  4. Flow Non-Default Global Settings
  5. Flow Elapsed Time
  6. Flow OS Summary
  7. Flow Log



----------------
; Legal Notice ;
----------------
Copyright (C) 1991-2011 Altera Corporation
Your use of Altera Corporation's design tools, logic functions 
and other software and tools, and its AMPP partner logic 
functions, and any output files from any of the foregoing 
(including device programming or simulation files), and any 
associated documentation or information are expressly subject 
to the terms and conditions of the Altera Program License 
Subscription Agreement, Altera MegaCore Function License 
Agreement, or other applicable license agreement, including, 
without limitation, that your use is for the sole purpose of 
programming logic devices manufactured by Altera and sold by 
Altera or its authorized distributors.  Please refer to the 
applicable agreement for further details.



+-------------------------------------------------------------------------------------+
; Flow Summary                                                                        ;
+------------------------------------+------------------------------------------------+
; Flow Status                        ; Successful - Wed Aug 03 20:14:43 2011          ;
; Quartus II Version                 ; 10.1 Build 197 01/19/2011 SP 1 SJ Full Version ;
; Revision Name                      ; myfirst_niosii                                 ;
; Top-level Entity Name              ; myfirst_niosii                                 ;
; Family                             ; Cyclone IV E                                   ;
; Device                             ; EP4CE115F29C7                                  ;
; Timing Models                      ; Final                                          ;
; Total logic elements               ; 3,148 / 114,480 ( 3 % )                        ;
;     Total combinational functions  ; 2,845 / 114,480 ( 2 % )                        ;
;     Dedicated logic registers      ; 1,838 / 114,480 ( 2 % )                        ;
; Total registers                    ; 1838                                           ;
; Total pins                         ; 9 / 529 ( 2 % )                                ;
; Total virtual pins                 ; 0                                              ;
; Total memory bits                  ; 1,117,312 / 3,981,312 ( 28 % )                 ;
; Embedded Multiplier 9-bit elements ; 4 / 532 ( < 1 % )                              ;
; Total PLLs                         ; 0 / 4 ( 0 % )                                  ;
+------------------------------------+------------------------------------------------+


+-----------------------------------------+
; Flow Settings                           ;
+-------------------+---------------------+
; Option            ; Setting             ;
+-------------------+---------------------+
; Start date & time ; 08/03/2011 20:13:14 ;
; Main task         ; Compilation         ;
; Revision Name     ; myfirst_niosii      ;
+-------------------+---------------------+


+------------------------------------------------------------------------------------------------------------------------------------+
; Flow Non-Default Global Settings                                                                                                   ;
+-------------------------------------+---------------------------------------------------+---------------+-------------+------------+
; Assignment Name                     ; Value                                             ; Default Value ; Entity Name ; Section Id ;
+-------------------------------------+---------------------------------------------------+---------------+-------------+------------+
; COMPILER_SIGNATURE_ID               ; 156973039430.131237359312368                      ; --            ; --          ; --         ;
; MAX_CORE_JUNCTION_TEMP              ; 85                                                ; --            ; --          ; --         ;
; MIN_CORE_JUNCTION_TEMP              ; 0                                                 ; --            ; --          ; --         ;
; MISC_FILE                           ; D:/FPGA/DE2_115/myfirst_niosii/myfirst_niosii.dpf ; --            ; --          ; --         ;
; NOMINAL_CORE_SUPPLY_VOLTAGE         ; 1.2V                                              ; --            ; --          ; --         ;
; PARTITION_COLOR                     ; 16764057                                          ; --            ; --          ; Top        ;
; PARTITION_FITTER_PRESERVATION_LEVEL ; PLACEMENT_AND_ROUTING                             ; --            ; --          ; Top        ;
; PARTITION_NETLIST_TYPE              ; SOURCE                                            ; --            ; --          ; Top        ;
; SOPC_BUILDER_SIGNATURE_ID           ; Ipds                                              ; --            ; --          ; --         ;
+-------------------------------------+---------------------------------------------------+---------------+-------------+------------+


+-------------------------------------------------------------------------------------------------------------------------------+
; Flow Elapsed Time                                                                                                             ;
+---------------------------+--------------+-------------------------+---------------------+------------------------------------+
; Module Name               ; Elapsed Time ; Average Processors Used ; Peak Virtual Memory ; Total CPU Time (on all processors) ;
+---------------------------+--------------+-------------------------+---------------------+------------------------------------+
; Analysis & Synthesis      ; 00:00:25     ; 1.0                     ; 309 MB              ; 00:00:22                           ;
; Fitter                    ; 00:00:46     ; 1.2                     ; 529 MB              ; 00:00:50                           ;
; TimeQuest Timing Analyzer ; 00:00:11     ; 1.3                     ; 322 MB              ; 00:00:10                           ;
; Assembler                 ; 00:00:12     ; 1.0                     ; 452 MB              ; 00:00:08                           ;
; Total                     ; 00:01:34     ; --                      ; --                  ; 00:01:30                           ;
+---------------------------+--------------+-------------------------+---------------------+------------------------------------+


+-----------------------------------------------------------------------------------------+
; Flow OS Summary                                                                         ;
+---------------------------+------------------+------------+------------+----------------+
; Module Name               ; Machine Hostname ; OS Name    ; OS Version ; Processor type ;
+---------------------------+------------------+------------+------------+----------------+
; Analysis & Synthesis      ; P5QL-E           ; Windows XP ; 5.1        ; i686           ;
; Fitter                    ; P5QL-E           ; Windows XP ; 5.1        ; i686           ;
; TimeQuest Timing Analyzer ; P5QL-E           ; Windows XP ; 5.1        ; i686           ;
; Assembler                 ; P5QL-E           ; Windows XP ; 5.1        ; i686           ;
+---------------------------+------------------+------------+------------+----------------+


------------
; Flow Log ;
------------
quartus_map --read_settings_files=on --write_settings_files=off myfirst_niosii -c myfirst_niosii
quartus_fit --read_settings_files=off --write_settings_files=off myfirst_niosii -c myfirst_niosii
quartus_sta myfirst_niosii -c myfirst_niosii
quartus_asm --read_settings_files=off --write_settings_files=off myfirst_niosii -c myfirst_niosii



