Flow report for SDRAM_CONTROL
Mon Nov 14 14:23:15 2011
Quartus II Version 10.0 Build 218 06/27/2010 SJ Full Version


---------------------
; Table of Contents ;
---------------------
  1. Legal Notice
  2. Flow Summary
  3. Flow Settings
  4. Flow Non-Default Global Settings
  5. Flow Elapsed Time
  6. Flow OS Summary
  7. Flow Log



----------------
; Legal Notice ;
----------------
Copyright (C) 1991-2010 Altera Corporation
Your use of Altera Corporation's design tools, logic functions 
and other software and tools, and its AMPP partner logic 
functions, and any output files from any of the foregoing 
(including device programming or simulation files), and any 
associated documentation or information are expressly subject 
to the terms and conditions of the Altera Program License 
Subscription Agreement, Altera MegaCore Function License 
Agreement, or other applicable license agreement, including, 
without limitation, that your use is for the sole purpose of 
programming logic devices manufactured by Altera and sold by 
Altera or its authorized distributors.  Please refer to the 
applicable agreement for further details.



+--------------------------------------------------------------------------------+
; Flow Summary                                                                   ;
+------------------------------------+-------------------------------------------+
; Flow Status                        ; Successful - Mon Nov 14 14:23:06 2011     ;
; Quartus II Version                 ; 10.0 Build 218 06/27/2010 SJ Full Version ;
; Revision Name                      ; SDRAM_CONTROL                             ;
; Top-level Entity Name              ; SDRAM_CONTROL                             ;
; Family                             ; Cyclone IV E                              ;
; Device                             ; EP4CE115F29C7                             ;
; Timing Models                      ; Final                                     ;
; Met timing requirements            ; N/A                                       ;
; Total logic elements               ; 1,454 / 114,480 ( 1 % )                   ;
;     Total combinational functions  ; 934 / 114,480 ( < 1 % )                   ;
;     Dedicated logic registers      ; 1,187 / 114,480 ( 1 % )                   ;
; Total registers                    ; 1187                                      ;
; Total pins                         ; 90 / 529 ( 17 % )                         ;
; Total virtual pins                 ; 0                                         ;
; Total memory bits                  ; 92,160 / 3,981,312 ( 2 % )                ;
; Embedded Multiplier 9-bit elements ; 0 / 532 ( 0 % )                           ;
; Total PLLs                         ; 2 / 4 ( 50 % )                            ;
+------------------------------------+-------------------------------------------+


+-----------------------------------------+
; Flow Settings                           ;
+-------------------+---------------------+
; Option            ; Setting             ;
+-------------------+---------------------+
; Start date & time ; 11/14/2011 14:22:14 ;
; Main task         ; Compilation         ;
; Revision Name     ; SDRAM_CONTROL       ;
+-------------------+---------------------+


+----------------------------------------------------------------------------------------------------------------------------------------------------------------------------------------------------------------------------------------------------+
; Flow Non-Default Global Settings                                                                                                                                                                                                                   ;
+-------------------------------------+-------------------------------------------------------------------------------------------------------------------------------------------------------------+---------------+-------------+------------------+
; Assignment Name                     ; Value                                                                                                                                                       ; Default Value ; Entity Name ; Section Id       ;
+-------------------------------------+-------------------------------------------------------------------------------------------------------------------------------------------------------------+---------------+-------------+------------------+
; AUTO_ENABLE_SMART_COMPILE           ; On                                                                                                                                                          ; --            ; --          ; --               ;
; COMPILER_SIGNATURE_ID               ; 107169346342.132125173403796                                                                                                                                ; --            ; --          ; --               ;
; ENABLE_SIGNALTAP                    ; On                                                                                                                                                          ; --            ; --          ; --               ;
; IP_TOOL_NAME                        ; ALTPLL                                                                                                                                                      ; --            ; --          ; --               ;
; IP_TOOL_NAME                        ; ALTPLL                                                                                                                                                      ; --            ; --          ; --               ;
; IP_TOOL_NAME                        ; FIFO                                                                                                                                                        ; --            ; --          ; --               ;
; IP_TOOL_NAME                        ; FIFO                                                                                                                                                        ; --            ; --          ; --               ;
; IP_TOOL_VERSION                     ; 10.0                                                                                                                                                        ; --            ; --          ; --               ;
; IP_TOOL_VERSION                     ; 10.0                                                                                                                                                        ; --            ; --          ; --               ;
; IP_TOOL_VERSION                     ; 10.0                                                                                                                                                        ; --            ; --          ; --               ;
; IP_TOOL_VERSION                     ; 10.0                                                                                                                                                        ; --            ; --          ; --               ;
; MAX_CORE_JUNCTION_TEMP              ; 85                                                                                                                                                          ; --            ; --          ; --               ;
; MIN_CORE_JUNCTION_TEMP              ; 0                                                                                                                                                           ; --            ; --          ; --               ;
; MISC_FILE                           ; D:/Home/User/Desktop/Frame/Frame/DE2_TV.dpf                                                                                                                 ; --            ; --          ; --               ;
; MISC_FILE                           ; D:/Home/User/Desktop/Frame/DE2_TV.dpf                                                                                                                       ; --            ; --          ; --               ;
; MISC_FILE                           ; pll_27.ppf                                                                                                                                                  ; --            ; --          ; --               ;
; MISC_FILE                           ; Sdram_Control/Sdram_PLL.ppf                                                                                                                                 ; --            ; --          ; --               ;
; PARTITION_COLOR                     ; 16764057                                                                                                                                                    ; --            ; DE2_115_TV  ; Top              ;
; PARTITION_COLOR                     ; 16764057                                                                                                                                                    ; --            ; --          ; Top              ;
; PARTITION_FITTER_PRESERVATION_LEVEL ; PLACEMENT_AND_ROUTING                                                                                                                                       ; --            ; DE2_115_TV  ; Top              ;
; PARTITION_FITTER_PRESERVATION_LEVEL ; PLACEMENT_AND_ROUTING                                                                                                                                       ; --            ; --          ; Top              ;
; PARTITION_NETLIST_TYPE              ; SOURCE                                                                                                                                                      ; --            ; DE2_115_TV  ; Top              ;
; PARTITION_NETLIST_TYPE              ; SOURCE                                                                                                                                                      ; --            ; --          ; Top              ;
; POWER_BOARD_THERMAL_MODEL           ; None (CONSERVATIVE)                                                                                                                                         ; --            ; --          ; --               ;
; POWER_PRESET_COOLING_SOLUTION       ; 23 MM HEAT SINK WITH 200 LFPM AIRFLOW                                                                                                                       ; --            ; --          ; --               ;
; SLD_NODE_CREATOR_ID                 ; 110                                                                                                                                                         ; --            ; --          ; auto_signaltap_0 ;
; SLD_NODE_ENTITY_NAME                ; sld_signaltap                                                                                                                                               ; --            ; --          ; auto_signaltap_0 ;
; SLD_NODE_PARAMETER_ASSIGNMENT       ; SLD_DATA_BITS=37                                                                                                                                            ; --            ; --          ; auto_signaltap_0 ;
; SLD_NODE_PARAMETER_ASSIGNMENT       ; SLD_TRIGGER_BITS=37                                                                                                                                         ; --            ; --          ; auto_signaltap_0 ;
; SLD_NODE_PARAMETER_ASSIGNMENT       ; SLD_NODE_INFO=805334528                                                                                                                                     ; --            ; --          ; auto_signaltap_0 ;
; SLD_NODE_PARAMETER_ASSIGNMENT       ; SLD_POWER_UP_TRIGGER=0                                                                                                                                      ; --            ; --          ; auto_signaltap_0 ;
; SLD_NODE_PARAMETER_ASSIGNMENT       ; SLD_STORAGE_QUALIFIER_INVERSION_MASK_LENGTH=0                                                                                                               ; --            ; --          ; auto_signaltap_0 ;
; SLD_NODE_PARAMETER_ASSIGNMENT       ; SLD_ATTRIBUTE_MEM_MODE=OFF                                                                                                                                  ; --            ; --          ; auto_signaltap_0 ;
; SLD_NODE_PARAMETER_ASSIGNMENT       ; SLD_STATE_FLOW_USE_GENERATED=0                                                                                                                              ; --            ; --          ; auto_signaltap_0 ;
; SLD_NODE_PARAMETER_ASSIGNMENT       ; SLD_STATE_BITS=11                                                                                                                                           ; --            ; --          ; auto_signaltap_0 ;
; SLD_NODE_PARAMETER_ASSIGNMENT       ; SLD_BUFFER_FULL_STOP=1                                                                                                                                      ; --            ; --          ; auto_signaltap_0 ;
; SLD_NODE_PARAMETER_ASSIGNMENT       ; SLD_CURRENT_RESOURCE_WIDTH=1                                                                                                                                ; --            ; --          ; auto_signaltap_0 ;
; SLD_NODE_PARAMETER_ASSIGNMENT       ; SLD_TRIGGER_LEVEL=1                                                                                                                                         ; --            ; --          ; auto_signaltap_0 ;
; SLD_NODE_PARAMETER_ASSIGNMENT       ; SLD_TRIGGER_IN_ENABLED=0                                                                                                                                    ; --            ; --          ; auto_signaltap_0 ;
; SLD_NODE_PARAMETER_ASSIGNMENT       ; SLD_ADVANCED_TRIGGER_ENTITY=basic,1,                                                                                                                        ; --            ; --          ; auto_signaltap_0 ;
; SLD_NODE_PARAMETER_ASSIGNMENT       ; SLD_TRIGGER_LEVEL_PIPELINE=1                                                                                                                                ; --            ; --          ; auto_signaltap_0 ;
; SLD_NODE_PARAMETER_ASSIGNMENT       ; SLD_ENABLE_ADVANCED_TRIGGER=0                                                                                                                               ; --            ; --          ; auto_signaltap_0 ;
; SLD_NODE_PARAMETER_ASSIGNMENT       ; SLD_INVERSION_MASK=0000000000000000000000000000000000000000000000000000000000000000000000000000000000000000000000000000000000000000000000000000000000000000 ; --            ; --          ; auto_signaltap_0 ;
; SLD_NODE_PARAMETER_ASSIGNMENT       ; SLD_INVERSION_MASK_LENGTH=136                                                                                                                               ; --            ; --          ; auto_signaltap_0 ;
; SLD_NODE_PARAMETER_ASSIGNMENT       ; SLD_SEGMENT_SIZE=2048                                                                                                                                       ; --            ; --          ; auto_signaltap_0 ;
; SLD_NODE_PARAMETER_ASSIGNMENT       ; SLD_NODE_CRC_LOWORD=56144                                                                                                                                   ; --            ; --          ; auto_signaltap_0 ;
; SLD_NODE_PARAMETER_ASSIGNMENT       ; SLD_NODE_CRC_HIWORD=17789                                                                                                                                   ; --            ; --          ; auto_signaltap_0 ;
; SLD_NODE_PARAMETER_ASSIGNMENT       ; SLD_SAMPLE_DEPTH=2048                                                                                                                                       ; --            ; --          ; auto_signaltap_0 ;
; USE_SIGNALTAP_FILE                  ; sdram.stp                                                                                                                                                   ; --            ; --          ; --               ;
+-------------------------------------+-------------------------------------------------------------------------------------------------------------------------------------------------------------+---------------+-------------+------------------+


+-------------------------------------------------------------------------------------------------------------------------------+
; Flow Elapsed Time                                                                                                             ;
+---------------------------+--------------+-------------------------+---------------------+------------------------------------+
; Module Name               ; Elapsed Time ; Average Processors Used ; Peak Virtual Memory ; Total CPU Time (on all processors) ;
+---------------------------+--------------+-------------------------+---------------------+------------------------------------+
; Analysis & Synthesis      ; 00:00:12     ; 1.0                     ; 266 MB              ; 00:00:11                           ;
; Fitter                    ; 00:00:29     ; 1.0                     ; 426 MB              ; 00:00:29                           ;
; Assembler                 ; 00:00:09     ; 1.0                     ; 434 MB              ; 00:00:09                           ;
; TimeQuest Timing Analyzer ; 00:00:08     ; 1.0                     ; 288 MB              ; 00:00:07                           ;
; Total                     ; 00:00:58     ; --                      ; --                  ; 00:00:56                           ;
+---------------------------+--------------+-------------------------+---------------------+------------------------------------+


+-----------------------------------------------------------------------------------------+
; Flow OS Summary                                                                         ;
+---------------------------+------------------+------------+------------+----------------+
; Module Name               ; Machine Hostname ; OS Name    ; OS Version ; Processor type ;
+---------------------------+------------------+------------+------------+----------------+
; Analysis & Synthesis      ; rosaline2        ; Windows XP ; 5.1        ; i686           ;
; Fitter                    ; rosaline2        ; Windows XP ; 5.1        ; i686           ;
; Assembler                 ; rosaline2        ; Windows XP ; 5.1        ; i686           ;
; TimeQuest Timing Analyzer ; rosaline2        ; Windows XP ; 5.1        ; i686           ;
+---------------------------+------------------+------------+------------+----------------+


------------
; Flow Log ;
------------
quartus_map --read_settings_files=on --write_settings_files=off SDRAM_CONTROL -c SDRAM_CONTROL
quartus_fit --read_settings_files=off --write_settings_files=off SDRAM_CONTROL -c SDRAM_CONTROL
quartus_asm --read_settings_files=off --write_settings_files=off SDRAM_CONTROL -c SDRAM_CONTROL
quartus_sta SDRAM_CONTROL -c SDRAM_CONTROL



